<?xml version="1.0" encoding="UTF-8"?>
<!-- Generated by org.testng.reporters.JUnitReportReporter -->
<testsuite hostname="DESKTOP-0A8DN9C" failures="0" tests="1" name="P1_BasicHTTPRequest.ex3_PutRequest_Student" time="3.727" errors="0" timestamp="2024-12-28T14:20:56 IST" skipped="0">
  <testcase classname="P1_BasicHTTPRequest.ex3_PutRequest_Student" name="TC1_UpdateStudentDetails" time="3.727"/>
</testsuite> <!-- P1_BasicHTTPRequest.ex3_PutRequest_Student -->
