<?xml version="1.0" encoding="UTF-8"?>
<!-- Generated by org.testng.reporters.JUnitReportReporter -->
<testsuite hostname="DESKTOP-0A8DN9C" failures="0" tests="3" name="P1_BasicHTTPRequest.ex1_getRequest_Student" time="3.213" errors="0" timestamp="2024-12-28T14:08:16 IST" skipped="0">
  <testcase classname="P1_BasicHTTPRequest.ex1_getRequest_Student" name="Tc1_getAllDataStudent" time="3.055"/>
  <testcase classname="P1_BasicHTTPRequest.ex1_getRequest_Student" name="Tc2_getSingleDataStudent" time="0.074"/>
  <testcase classname="P1_BasicHTTPRequest.ex1_getRequest_Student" name="Tc3_getInvalidDataStudent" time="0.084"/>
</testsuite> <!-- P1_BasicHTTPRequest.ex1_getRequest_Student -->
