<?xml version="1.0" encoding="UTF-8"?>
<!-- Generated by org.testng.reporters.JUnitReportReporter -->
<testsuite hostname="DESKTOP-0A8DN9C" failures="0" tests="1" name="P1_BasicHTTPRequest.ex2_PostRequest_Students" time="4.573" errors="0" timestamp="2024-12-28T14:10:33 IST" skipped="0">
  <testcase classname="P1_BasicHTTPRequest.ex2_PostRequest_Students" name="TC1_CreateNewStudentDetails" time="4.573"/>
</testsuite> <!-- P1_BasicHTTPRequest.ex2_PostRequest_Students -->
