<?xml version="1.0" encoding="UTF-8"?>
<!-- Generated by org.testng.reporters.JUnitReportReporter -->
<testsuite hostname="DESKTOP-0A8DN9C" failures="0" tests="1" name="P1_BasicHTTPRequest.ex1_getRequest" time="3.461" errors="0" timestamp="2024-12-27T13:38:43 IST" skipped="0">
  <testcase classname="P1_BasicHTTPRequest.ex1_getRequest" name="TC" time="3.461"/>
</testsuite> <!-- P1_BasicHTTPRequest.ex1_getRequest -->
