<?xml version="1.0" encoding="UTF-8"?>
<!-- Generated by org.testng.reporters.JUnitReportReporter -->
<testsuite hostname="DESKTOP-0A8DN9C" failures="0" tests="1" name="P1_BasicHTTPRequest.ex4_DeleteRequest_Student" time="2.899" errors="0" timestamp="2024-12-28T14:27:00 IST" skipped="0">
  <testcase classname="P1_BasicHTTPRequest.ex4_DeleteRequest_Student" name="TC_DeleteStudentDetail" time="2.899"/>
</testsuite> <!-- P1_BasicHTTPRequest.ex4_DeleteRequest_Student -->
